ERROR - 2024-09-02 11:56:06 --> Error connecting to the database: mysqli_sql_exception: No such file or directory in /Applications/XAMPP/xamppfiles/htdocs/admin_crud/system/Database/MySQLi/Connection.php:186
Stack trace:
#0 /Applications/XAMPP/xamppfiles/htdocs/admin_crud/system/Database/MySQLi/Connection.php(186): mysqli->real_connect('localhost', 'root', Object(SensitiveParameterValue), 'admin_crud_db', 3306, '', 0)
#1 /Applications/XAMPP/xamppfiles/htdocs/admin_crud/system/Database/BaseConnection.php(421): CodeIgniter\Database\MySQLi\Connection->connect(false)
#2 /Applications/XAMPP/xamppfiles/htdocs/admin_crud/system/Database/BaseConnection.php(616): CodeIgniter\Database\BaseConnection->initialize()
#3 /Applications/XAMPP/xamppfiles/htdocs/admin_crud/system/Database/BaseBuilder.php(1644): CodeIgniter\Database\BaseConnection->query('SELECT *\nFROM `...', Array, false)
#4 /Applications/XAMPP/xamppfiles/htdocs/admin_crud/system/Model.php(286): CodeIgniter\Database\BaseBuilder->get()
#5 /Applications/XAMPP/xamppfiles/htdocs/admin_crud/system/BaseModel.php(676): CodeIgniter\Model->doFindAll(0, 0)
#6 /Applications/XAMPP/xamppfiles/htdocs/admin_crud/app/Controllers/AdminController.php(15): CodeIgniter\BaseModel->findAll()
#7 /Applications/XAMPP/xamppfiles/htdocs/admin_crud/system/CodeIgniter.php(933): App\Controllers\AdminController->index()
#8 /Applications/XAMPP/xamppfiles/htdocs/admin_crud/system/CodeIgniter.php(509): CodeIgniter\CodeIgniter->runController(Object(App\Controllers\AdminController))
#9 /Applications/XAMPP/xamppfiles/htdocs/admin_crud/system/CodeIgniter.php(355): CodeIgniter\CodeIgniter->handleRequest(NULL, Object(Config\Cache), false)
#10 /Applications/XAMPP/xamppfiles/htdocs/admin_crud/system/Boot.php(325): CodeIgniter\CodeIgniter->run()
#11 /Applications/XAMPP/xamppfiles/htdocs/admin_crud/system/Boot.php(67): CodeIgniter\Boot::runCodeIgniter(Object(CodeIgniter\CodeIgniter))
#12 /Applications/XAMPP/xamppfiles/htdocs/admin_crud/public/index.php(56): CodeIgniter\Boot::bootWeb(Object(Config\Paths))
#13 /Applications/XAMPP/xamppfiles/htdocs/admin_crud/system/rewrite.php(44): require_once('/Applications/X...')
#14 {main}

Next CodeIgniter\Database\Exceptions\DatabaseException: No such file or directory in /Applications/XAMPP/xamppfiles/htdocs/admin_crud/system/Database/MySQLi/Connection.php:231
Stack trace:
#0 /Applications/XAMPP/xamppfiles/htdocs/admin_crud/system/Database/BaseConnection.php(421): CodeIgniter\Database\MySQLi\Connection->connect(false)
#1 /Applications/XAMPP/xamppfiles/htdocs/admin_crud/system/Database/BaseConnection.php(616): CodeIgniter\Database\BaseConnection->initialize()
#2 /Applications/XAMPP/xamppfiles/htdocs/admin_crud/system/Database/BaseBuilder.php(1644): CodeIgniter\Database\BaseConnection->query('SELECT *\nFROM `...', Array, false)
#3 /Applications/XAMPP/xamppfiles/htdocs/admin_crud/system/Model.php(286): CodeIgniter\Database\BaseBuilder->get()
#4 /Applications/XAMPP/xamppfiles/htdocs/admin_crud/system/BaseModel.php(676): CodeIgniter\Model->doFindAll(0, 0)
#5 /Applications/XAMPP/xamppfiles/htdocs/admin_crud/app/Controllers/AdminController.php(15): CodeIgniter\BaseModel->findAll()
#6 /Applications/XAMPP/xamppfiles/htdocs/admin_crud/system/CodeIgniter.php(933): App\Controllers\AdminController->index()
#7 /Applications/XAMPP/xamppfiles/htdocs/admin_crud/system/CodeIgniter.php(509): CodeIgniter\CodeIgniter->runController(Object(App\Controllers\AdminController))
#8 /Applications/XAMPP/xamppfiles/htdocs/admin_crud/system/CodeIgniter.php(355): CodeIgniter\CodeIgniter->handleRequest(NULL, Object(Config\Cache), false)
#9 /Applications/XAMPP/xamppfiles/htdocs/admin_crud/system/Boot.php(325): CodeIgniter\CodeIgniter->run()
#10 /Applications/XAMPP/xamppfiles/htdocs/admin_crud/system/Boot.php(67): CodeIgniter\Boot::runCodeIgniter(Object(CodeIgniter\CodeIgniter))
#11 /Applications/XAMPP/xamppfiles/htdocs/admin_crud/public/index.php(56): CodeIgniter\Boot::bootWeb(Object(Config\Paths))
#12 /Applications/XAMPP/xamppfiles/htdocs/admin_crud/system/rewrite.php(44): require_once('/Applications/X...')
#13 {main}
CRITICAL - 2024-09-02 11:56:06 --> CodeIgniter\Database\Exceptions\DatabaseException: Unable to connect to the database.
Main connection [MySQLi]: No such file or directory
[Method: GET, Route: admin]
in SYSTEMPATH/Database/BaseConnection.php on line 467.
 1 SYSTEMPATH/Database/BaseConnection.php(616): CodeIgniter\Database\BaseConnection->initialize()
 2 SYSTEMPATH/Database/BaseBuilder.php(1644): CodeIgniter\Database\BaseConnection->query('SELECT *
FROM `admin`', [], false)
 3 SYSTEMPATH/Model.php(286): CodeIgniter\Database\BaseBuilder->get()
 4 SYSTEMPATH/BaseModel.php(676): CodeIgniter\Model->doFindAll(0, 0)
 5 APPPATH/Controllers/AdminController.php(15): CodeIgniter\BaseModel->findAll()
 6 SYSTEMPATH/CodeIgniter.php(933): App\Controllers\AdminController->index()
 7 SYSTEMPATH/CodeIgniter.php(509): CodeIgniter\CodeIgniter->runController(Object(App\Controllers\AdminController))
 8 SYSTEMPATH/CodeIgniter.php(355): CodeIgniter\CodeIgniter->handleRequest(null, Object(Config\Cache), false)
 9 SYSTEMPATH/Boot.php(325): CodeIgniter\CodeIgniter->run()
10 SYSTEMPATH/Boot.php(67): CodeIgniter\Boot::runCodeIgniter(Object(CodeIgniter\CodeIgniter))
11 FCPATH/index.php(56): CodeIgniter\Boot::bootWeb(Object(Config\Paths))
12 SYSTEMPATH/rewrite.php(44): require_once('/Applications/XAMPP/xamppfiles/htdocs/admin_crud/public/index.php')
ERROR - 2024-09-02 11:56:31 --> Error connecting to the database: mysqli_sql_exception: No such file or directory in /Applications/XAMPP/xamppfiles/htdocs/admin_crud/system/Database/MySQLi/Connection.php:186
Stack trace:
#0 /Applications/XAMPP/xamppfiles/htdocs/admin_crud/system/Database/MySQLi/Connection.php(186): mysqli->real_connect('localhost', 'root', Object(SensitiveParameterValue), 'admin_crud_db', 3306, '', 0)
#1 /Applications/XAMPP/xamppfiles/htdocs/admin_crud/system/Database/BaseConnection.php(421): CodeIgniter\Database\MySQLi\Connection->connect(false)
#2 /Applications/XAMPP/xamppfiles/htdocs/admin_crud/system/Database/BaseConnection.php(616): CodeIgniter\Database\BaseConnection->initialize()
#3 /Applications/XAMPP/xamppfiles/htdocs/admin_crud/system/Database/BaseBuilder.php(1644): CodeIgniter\Database\BaseConnection->query('SELECT *\nFROM `...', Array, false)
#4 /Applications/XAMPP/xamppfiles/htdocs/admin_crud/system/Model.php(286): CodeIgniter\Database\BaseBuilder->get()
#5 /Applications/XAMPP/xamppfiles/htdocs/admin_crud/system/BaseModel.php(676): CodeIgniter\Model->doFindAll(0, 0)
#6 /Applications/XAMPP/xamppfiles/htdocs/admin_crud/app/Controllers/AdminController.php(15): CodeIgniter\BaseModel->findAll()
#7 /Applications/XAMPP/xamppfiles/htdocs/admin_crud/system/CodeIgniter.php(933): App\Controllers\AdminController->index()
#8 /Applications/XAMPP/xamppfiles/htdocs/admin_crud/system/CodeIgniter.php(509): CodeIgniter\CodeIgniter->runController(Object(App\Controllers\AdminController))
#9 /Applications/XAMPP/xamppfiles/htdocs/admin_crud/system/CodeIgniter.php(355): CodeIgniter\CodeIgniter->handleRequest(NULL, Object(Config\Cache), false)
#10 /Applications/XAMPP/xamppfiles/htdocs/admin_crud/system/Boot.php(325): CodeIgniter\CodeIgniter->run()
#11 /Applications/XAMPP/xamppfiles/htdocs/admin_crud/system/Boot.php(67): CodeIgniter\Boot::runCodeIgniter(Object(CodeIgniter\CodeIgniter))
#12 /Applications/XAMPP/xamppfiles/htdocs/admin_crud/public/index.php(56): CodeIgniter\Boot::bootWeb(Object(Config\Paths))
#13 /Applications/XAMPP/xamppfiles/htdocs/admin_crud/system/rewrite.php(44): require_once('/Applications/X...')
#14 {main}

Next CodeIgniter\Database\Exceptions\DatabaseException: No such file or directory in /Applications/XAMPP/xamppfiles/htdocs/admin_crud/system/Database/MySQLi/Connection.php:231
Stack trace:
#0 /Applications/XAMPP/xamppfiles/htdocs/admin_crud/system/Database/BaseConnection.php(421): CodeIgniter\Database\MySQLi\Connection->connect(false)
#1 /Applications/XAMPP/xamppfiles/htdocs/admin_crud/system/Database/BaseConnection.php(616): CodeIgniter\Database\BaseConnection->initialize()
#2 /Applications/XAMPP/xamppfiles/htdocs/admin_crud/system/Database/BaseBuilder.php(1644): CodeIgniter\Database\BaseConnection->query('SELECT *\nFROM `...', Array, false)
#3 /Applications/XAMPP/xamppfiles/htdocs/admin_crud/system/Model.php(286): CodeIgniter\Database\BaseBuilder->get()
#4 /Applications/XAMPP/xamppfiles/htdocs/admin_crud/system/BaseModel.php(676): CodeIgniter\Model->doFindAll(0, 0)
#5 /Applications/XAMPP/xamppfiles/htdocs/admin_crud/app/Controllers/AdminController.php(15): CodeIgniter\BaseModel->findAll()
#6 /Applications/XAMPP/xamppfiles/htdocs/admin_crud/system/CodeIgniter.php(933): App\Controllers\AdminController->index()
#7 /Applications/XAMPP/xamppfiles/htdocs/admin_crud/system/CodeIgniter.php(509): CodeIgniter\CodeIgniter->runController(Object(App\Controllers\AdminController))
#8 /Applications/XAMPP/xamppfiles/htdocs/admin_crud/system/CodeIgniter.php(355): CodeIgniter\CodeIgniter->handleRequest(NULL, Object(Config\Cache), false)
#9 /Applications/XAMPP/xamppfiles/htdocs/admin_crud/system/Boot.php(325): CodeIgniter\CodeIgniter->run()
#10 /Applications/XAMPP/xamppfiles/htdocs/admin_crud/system/Boot.php(67): CodeIgniter\Boot::runCodeIgniter(Object(CodeIgniter\CodeIgniter))
#11 /Applications/XAMPP/xamppfiles/htdocs/admin_crud/public/index.php(56): CodeIgniter\Boot::bootWeb(Object(Config\Paths))
#12 /Applications/XAMPP/xamppfiles/htdocs/admin_crud/system/rewrite.php(44): require_once('/Applications/X...')
#13 {main}
CRITICAL - 2024-09-02 11:56:31 --> CodeIgniter\Database\Exceptions\DatabaseException: Unable to connect to the database.
Main connection [MySQLi]: No such file or directory
[Method: GET, Route: /]
in SYSTEMPATH/Database/BaseConnection.php on line 467.
 1 SYSTEMPATH/Database/BaseConnection.php(616): CodeIgniter\Database\BaseConnection->initialize()
 2 SYSTEMPATH/Database/BaseBuilder.php(1644): CodeIgniter\Database\BaseConnection->query('SELECT *
FROM `admin`', [], false)
 3 SYSTEMPATH/Model.php(286): CodeIgniter\Database\BaseBuilder->get()
 4 SYSTEMPATH/BaseModel.php(676): CodeIgniter\Model->doFindAll(0, 0)
 5 APPPATH/Controllers/AdminController.php(15): CodeIgniter\BaseModel->findAll()
 6 SYSTEMPATH/CodeIgniter.php(933): App\Controllers\AdminController->index()
 7 SYSTEMPATH/CodeIgniter.php(509): CodeIgniter\CodeIgniter->runController(Object(App\Controllers\AdminController))
 8 SYSTEMPATH/CodeIgniter.php(355): CodeIgniter\CodeIgniter->handleRequest(null, Object(Config\Cache), false)
 9 SYSTEMPATH/Boot.php(325): CodeIgniter\CodeIgniter->run()
10 SYSTEMPATH/Boot.php(67): CodeIgniter\Boot::runCodeIgniter(Object(CodeIgniter\CodeIgniter))
11 FCPATH/index.php(56): CodeIgniter\Boot::bootWeb(Object(Config\Paths))
12 SYSTEMPATH/rewrite.php(44): require_once('/Applications/XAMPP/xamppfiles/htdocs/admin_crud/public/index.php')
ERROR - 2024-09-02 12:02:13 --> Error connecting to the database: mysqli_sql_exception: No such file or directory in /Applications/XAMPP/xamppfiles/htdocs/admin_crud/system/Database/MySQLi/Connection.php:186
Stack trace:
#0 /Applications/XAMPP/xamppfiles/htdocs/admin_crud/system/Database/MySQLi/Connection.php(186): mysqli->real_connect('localhost', 'root', Object(SensitiveParameterValue), 'admin_crud_db', 80, '', 0)
#1 /Applications/XAMPP/xamppfiles/htdocs/admin_crud/system/Database/BaseConnection.php(421): CodeIgniter\Database\MySQLi\Connection->connect(false)
#2 /Applications/XAMPP/xamppfiles/htdocs/admin_crud/system/Database/BaseConnection.php(616): CodeIgniter\Database\BaseConnection->initialize()
#3 /Applications/XAMPP/xamppfiles/htdocs/admin_crud/system/Database/BaseBuilder.php(1644): CodeIgniter\Database\BaseConnection->query('SELECT *\nFROM `...', Array, false)
#4 /Applications/XAMPP/xamppfiles/htdocs/admin_crud/system/Model.php(286): CodeIgniter\Database\BaseBuilder->get()
#5 /Applications/XAMPP/xamppfiles/htdocs/admin_crud/system/BaseModel.php(676): CodeIgniter\Model->doFindAll(0, 0)
#6 /Applications/XAMPP/xamppfiles/htdocs/admin_crud/app/Controllers/AdminController.php(15): CodeIgniter\BaseModel->findAll()
#7 /Applications/XAMPP/xamppfiles/htdocs/admin_crud/system/CodeIgniter.php(933): App\Controllers\AdminController->index()
#8 /Applications/XAMPP/xamppfiles/htdocs/admin_crud/system/CodeIgniter.php(509): CodeIgniter\CodeIgniter->runController(Object(App\Controllers\AdminController))
#9 /Applications/XAMPP/xamppfiles/htdocs/admin_crud/system/CodeIgniter.php(355): CodeIgniter\CodeIgniter->handleRequest(NULL, Object(Config\Cache), false)
#10 /Applications/XAMPP/xamppfiles/htdocs/admin_crud/system/Boot.php(325): CodeIgniter\CodeIgniter->run()
#11 /Applications/XAMPP/xamppfiles/htdocs/admin_crud/system/Boot.php(67): CodeIgniter\Boot::runCodeIgniter(Object(CodeIgniter\CodeIgniter))
#12 /Applications/XAMPP/xamppfiles/htdocs/admin_crud/public/index.php(56): CodeIgniter\Boot::bootWeb(Object(Config\Paths))
#13 /Applications/XAMPP/xamppfiles/htdocs/admin_crud/system/rewrite.php(44): require_once('/Applications/X...')
#14 {main}

Next CodeIgniter\Database\Exceptions\DatabaseException: No such file or directory in /Applications/XAMPP/xamppfiles/htdocs/admin_crud/system/Database/MySQLi/Connection.php:231
Stack trace:
#0 /Applications/XAMPP/xamppfiles/htdocs/admin_crud/system/Database/BaseConnection.php(421): CodeIgniter\Database\MySQLi\Connection->connect(false)
#1 /Applications/XAMPP/xamppfiles/htdocs/admin_crud/system/Database/BaseConnection.php(616): CodeIgniter\Database\BaseConnection->initialize()
#2 /Applications/XAMPP/xamppfiles/htdocs/admin_crud/system/Database/BaseBuilder.php(1644): CodeIgniter\Database\BaseConnection->query('SELECT *\nFROM `...', Array, false)
#3 /Applications/XAMPP/xamppfiles/htdocs/admin_crud/system/Model.php(286): CodeIgniter\Database\BaseBuilder->get()
#4 /Applications/XAMPP/xamppfiles/htdocs/admin_crud/system/BaseModel.php(676): CodeIgniter\Model->doFindAll(0, 0)
#5 /Applications/XAMPP/xamppfiles/htdocs/admin_crud/app/Controllers/AdminController.php(15): CodeIgniter\BaseModel->findAll()
#6 /Applications/XAMPP/xamppfiles/htdocs/admin_crud/system/CodeIgniter.php(933): App\Controllers\AdminController->index()
#7 /Applications/XAMPP/xamppfiles/htdocs/admin_crud/system/CodeIgniter.php(509): CodeIgniter\CodeIgniter->runController(Object(App\Controllers\AdminController))
#8 /Applications/XAMPP/xamppfiles/htdocs/admin_crud/system/CodeIgniter.php(355): CodeIgniter\CodeIgniter->handleRequest(NULL, Object(Config\Cache), false)
#9 /Applications/XAMPP/xamppfiles/htdocs/admin_crud/system/Boot.php(325): CodeIgniter\CodeIgniter->run()
#10 /Applications/XAMPP/xamppfiles/htdocs/admin_crud/system/Boot.php(67): CodeIgniter\Boot::runCodeIgniter(Object(CodeIgniter\CodeIgniter))
#11 /Applications/XAMPP/xamppfiles/htdocs/admin_crud/public/index.php(56): CodeIgniter\Boot::bootWeb(Object(Config\Paths))
#12 /Applications/XAMPP/xamppfiles/htdocs/admin_crud/system/rewrite.php(44): require_once('/Applications/X...')
#13 {main}
CRITICAL - 2024-09-02 12:02:13 --> CodeIgniter\Database\Exceptions\DatabaseException: Unable to connect to the database.
Main connection [MySQLi]: No such file or directory
[Method: GET, Route: /]
in SYSTEMPATH/Database/BaseConnection.php on line 467.
 1 SYSTEMPATH/Database/BaseConnection.php(616): CodeIgniter\Database\BaseConnection->initialize()
 2 SYSTEMPATH/Database/BaseBuilder.php(1644): CodeIgniter\Database\BaseConnection->query('SELECT *
FROM `admin`', [], false)
 3 SYSTEMPATH/Model.php(286): CodeIgniter\Database\BaseBuilder->get()
 4 SYSTEMPATH/BaseModel.php(676): CodeIgniter\Model->doFindAll(0, 0)
 5 APPPATH/Controllers/AdminController.php(15): CodeIgniter\BaseModel->findAll()
 6 SYSTEMPATH/CodeIgniter.php(933): App\Controllers\AdminController->index()
 7 SYSTEMPATH/CodeIgniter.php(509): CodeIgniter\CodeIgniter->runController(Object(App\Controllers\AdminController))
 8 SYSTEMPATH/CodeIgniter.php(355): CodeIgniter\CodeIgniter->handleRequest(null, Object(Config\Cache), false)
 9 SYSTEMPATH/Boot.php(325): CodeIgniter\CodeIgniter->run()
10 SYSTEMPATH/Boot.php(67): CodeIgniter\Boot::runCodeIgniter(Object(CodeIgniter\CodeIgniter))
11 FCPATH/index.php(56): CodeIgniter\Boot::bootWeb(Object(Config\Paths))
12 SYSTEMPATH/rewrite.php(44): require_once('/Applications/XAMPP/xamppfiles/htdocs/admin_crud/public/index.php')
ERROR - 2024-09-02 12:04:15 --> Error connecting to the database: mysqli_sql_exception: No such file or directory in /Applications/XAMPP/xamppfiles/htdocs/admin_crud/system/Database/MySQLi/Connection.php:186
Stack trace:
#0 /Applications/XAMPP/xamppfiles/htdocs/admin_crud/system/Database/MySQLi/Connection.php(186): mysqli->real_connect('localhost', 'root', Object(SensitiveParameterValue), 'admin_crud_db', 80, '', 0)
#1 /Applications/XAMPP/xamppfiles/htdocs/admin_crud/system/Database/BaseConnection.php(421): CodeIgniter\Database\MySQLi\Connection->connect(false)
#2 /Applications/XAMPP/xamppfiles/htdocs/admin_crud/system/Database/BaseConnection.php(616): CodeIgniter\Database\BaseConnection->initialize()
#3 /Applications/XAMPP/xamppfiles/htdocs/admin_crud/system/Database/BaseBuilder.php(1644): CodeIgniter\Database\BaseConnection->query('SELECT *\nFROM `...', Array, false)
#4 /Applications/XAMPP/xamppfiles/htdocs/admin_crud/system/Model.php(286): CodeIgniter\Database\BaseBuilder->get()
#5 /Applications/XAMPP/xamppfiles/htdocs/admin_crud/system/BaseModel.php(676): CodeIgniter\Model->doFindAll(0, 0)
#6 /Applications/XAMPP/xamppfiles/htdocs/admin_crud/app/Controllers/AdminController.php(15): CodeIgniter\BaseModel->findAll()
#7 /Applications/XAMPP/xamppfiles/htdocs/admin_crud/system/CodeIgniter.php(933): App\Controllers\AdminController->index()
#8 /Applications/XAMPP/xamppfiles/htdocs/admin_crud/system/CodeIgniter.php(509): CodeIgniter\CodeIgniter->runController(Object(App\Controllers\AdminController))
#9 /Applications/XAMPP/xamppfiles/htdocs/admin_crud/system/CodeIgniter.php(355): CodeIgniter\CodeIgniter->handleRequest(NULL, Object(Config\Cache), false)
#10 /Applications/XAMPP/xamppfiles/htdocs/admin_crud/system/Boot.php(325): CodeIgniter\CodeIgniter->run()
#11 /Applications/XAMPP/xamppfiles/htdocs/admin_crud/system/Boot.php(67): CodeIgniter\Boot::runCodeIgniter(Object(CodeIgniter\CodeIgniter))
#12 /Applications/XAMPP/xamppfiles/htdocs/admin_crud/public/index.php(56): CodeIgniter\Boot::bootWeb(Object(Config\Paths))
#13 /Applications/XAMPP/xamppfiles/htdocs/admin_crud/system/rewrite.php(44): require_once('/Applications/X...')
#14 {main}

Next CodeIgniter\Database\Exceptions\DatabaseException: No such file or directory in /Applications/XAMPP/xamppfiles/htdocs/admin_crud/system/Database/MySQLi/Connection.php:231
Stack trace:
#0 /Applications/XAMPP/xamppfiles/htdocs/admin_crud/system/Database/BaseConnection.php(421): CodeIgniter\Database\MySQLi\Connection->connect(false)
#1 /Applications/XAMPP/xamppfiles/htdocs/admin_crud/system/Database/BaseConnection.php(616): CodeIgniter\Database\BaseConnection->initialize()
#2 /Applications/XAMPP/xamppfiles/htdocs/admin_crud/system/Database/BaseBuilder.php(1644): CodeIgniter\Database\BaseConnection->query('SELECT *\nFROM `...', Array, false)
#3 /Applications/XAMPP/xamppfiles/htdocs/admin_crud/system/Model.php(286): CodeIgniter\Database\BaseBuilder->get()
#4 /Applications/XAMPP/xamppfiles/htdocs/admin_crud/system/BaseModel.php(676): CodeIgniter\Model->doFindAll(0, 0)
#5 /Applications/XAMPP/xamppfiles/htdocs/admin_crud/app/Controllers/AdminController.php(15): CodeIgniter\BaseModel->findAll()
#6 /Applications/XAMPP/xamppfiles/htdocs/admin_crud/system/CodeIgniter.php(933): App\Controllers\AdminController->index()
#7 /Applications/XAMPP/xamppfiles/htdocs/admin_crud/system/CodeIgniter.php(509): CodeIgniter\CodeIgniter->runController(Object(App\Controllers\AdminController))
#8 /Applications/XAMPP/xamppfiles/htdocs/admin_crud/system/CodeIgniter.php(355): CodeIgniter\CodeIgniter->handleRequest(NULL, Object(Config\Cache), false)
#9 /Applications/XAMPP/xamppfiles/htdocs/admin_crud/system/Boot.php(325): CodeIgniter\CodeIgniter->run()
#10 /Applications/XAMPP/xamppfiles/htdocs/admin_crud/system/Boot.php(67): CodeIgniter\Boot::runCodeIgniter(Object(CodeIgniter\CodeIgniter))
#11 /Applications/XAMPP/xamppfiles/htdocs/admin_crud/public/index.php(56): CodeIgniter\Boot::bootWeb(Object(Config\Paths))
#12 /Applications/XAMPP/xamppfiles/htdocs/admin_crud/system/rewrite.php(44): require_once('/Applications/X...')
#13 {main}
CRITICAL - 2024-09-02 12:04:15 --> CodeIgniter\Database\Exceptions\DatabaseException: Unable to connect to the database.
Main connection [MySQLi]: No such file or directory
[Method: GET, Route: admin]
in SYSTEMPATH/Database/BaseConnection.php on line 467.
 1 SYSTEMPATH/Database/BaseConnection.php(616): CodeIgniter\Database\BaseConnection->initialize()
 2 SYSTEMPATH/Database/BaseBuilder.php(1644): CodeIgniter\Database\BaseConnection->query('SELECT *
FROM `admin`', [], false)
 3 SYSTEMPATH/Model.php(286): CodeIgniter\Database\BaseBuilder->get()
 4 SYSTEMPATH/BaseModel.php(676): CodeIgniter\Model->doFindAll(0, 0)
 5 APPPATH/Controllers/AdminController.php(15): CodeIgniter\BaseModel->findAll()
 6 SYSTEMPATH/CodeIgniter.php(933): App\Controllers\AdminController->index()
 7 SYSTEMPATH/CodeIgniter.php(509): CodeIgniter\CodeIgniter->runController(Object(App\Controllers\AdminController))
 8 SYSTEMPATH/CodeIgniter.php(355): CodeIgniter\CodeIgniter->handleRequest(null, Object(Config\Cache), false)
 9 SYSTEMPATH/Boot.php(325): CodeIgniter\CodeIgniter->run()
10 SYSTEMPATH/Boot.php(67): CodeIgniter\Boot::runCodeIgniter(Object(CodeIgniter\CodeIgniter))
11 FCPATH/index.php(56): CodeIgniter\Boot::bootWeb(Object(Config\Paths))
12 SYSTEMPATH/rewrite.php(44): require_once('/Applications/XAMPP/xamppfiles/htdocs/admin_crud/public/index.php')
ERROR - 2024-09-02 12:06:30 --> Error connecting to the database: mysqli_sql_exception: No such file or directory in /Applications/XAMPP/xamppfiles/htdocs/admin_crud/system/Database/MySQLi/Connection.php:186
Stack trace:
#0 /Applications/XAMPP/xamppfiles/htdocs/admin_crud/system/Database/MySQLi/Connection.php(186): mysqli->real_connect('localhost', 'root', Object(SensitiveParameterValue), 'admin_crud_db', 80, '', 0)
#1 /Applications/XAMPP/xamppfiles/htdocs/admin_crud/system/Database/BaseConnection.php(421): CodeIgniter\Database\MySQLi\Connection->connect(false)
#2 /Applications/XAMPP/xamppfiles/htdocs/admin_crud/system/Database/BaseConnection.php(616): CodeIgniter\Database\BaseConnection->initialize()
#3 /Applications/XAMPP/xamppfiles/htdocs/admin_crud/system/Database/BaseBuilder.php(2340): CodeIgniter\Database\BaseConnection->query('INSERT INTO `ad...', Array, false)
#4 /Applications/XAMPP/xamppfiles/htdocs/admin_crud/system/Model.php(394): CodeIgniter\Database\BaseBuilder->insert()
#5 /Applications/XAMPP/xamppfiles/htdocs/admin_crud/system/BaseModel.php(840): CodeIgniter\Model->doInsert(Array)
#6 /Applications/XAMPP/xamppfiles/htdocs/admin_crud/system/Model.php(802): CodeIgniter\BaseModel->insert(Array, false)
#7 /Applications/XAMPP/xamppfiles/htdocs/admin_crud/system/BaseModel.php(751): CodeIgniter\Model->insert(Array, false)
#8 /Applications/XAMPP/xamppfiles/htdocs/admin_crud/app/Controllers/AdminController.php(27): CodeIgniter\BaseModel->save(Array)
#9 /Applications/XAMPP/xamppfiles/htdocs/admin_crud/system/CodeIgniter.php(933): App\Controllers\AdminController->store()
#10 /Applications/XAMPP/xamppfiles/htdocs/admin_crud/system/CodeIgniter.php(509): CodeIgniter\CodeIgniter->runController(Object(App\Controllers\AdminController))
#11 /Applications/XAMPP/xamppfiles/htdocs/admin_crud/system/CodeIgniter.php(355): CodeIgniter\CodeIgniter->handleRequest(NULL, Object(Config\Cache), false)
#12 /Applications/XAMPP/xamppfiles/htdocs/admin_crud/system/Boot.php(325): CodeIgniter\CodeIgniter->run()
#13 /Applications/XAMPP/xamppfiles/htdocs/admin_crud/system/Boot.php(67): CodeIgniter\Boot::runCodeIgniter(Object(CodeIgniter\CodeIgniter))
#14 /Applications/XAMPP/xamppfiles/htdocs/admin_crud/public/index.php(56): CodeIgniter\Boot::bootWeb(Object(Config\Paths))
#15 /Applications/XAMPP/xamppfiles/htdocs/admin_crud/system/rewrite.php(44): require_once('/Applications/X...')
#16 {main}

Next CodeIgniter\Database\Exceptions\DatabaseException: No such file or directory in /Applications/XAMPP/xamppfiles/htdocs/admin_crud/system/Database/MySQLi/Connection.php:231
Stack trace:
#0 /Applications/XAMPP/xamppfiles/htdocs/admin_crud/system/Database/BaseConnection.php(421): CodeIgniter\Database\MySQLi\Connection->connect(false)
#1 /Applications/XAMPP/xamppfiles/htdocs/admin_crud/system/Database/BaseConnection.php(616): CodeIgniter\Database\BaseConnection->initialize()
#2 /Applications/XAMPP/xamppfiles/htdocs/admin_crud/system/Database/BaseBuilder.php(2340): CodeIgniter\Database\BaseConnection->query('INSERT INTO `ad...', Array, false)
#3 /Applications/XAMPP/xamppfiles/htdocs/admin_crud/system/Model.php(394): CodeIgniter\Database\BaseBuilder->insert()
#4 /Applications/XAMPP/xamppfiles/htdocs/admin_crud/system/BaseModel.php(840): CodeIgniter\Model->doInsert(Array)
#5 /Applications/XAMPP/xamppfiles/htdocs/admin_crud/system/Model.php(802): CodeIgniter\BaseModel->insert(Array, false)
#6 /Applications/XAMPP/xamppfiles/htdocs/admin_crud/system/BaseModel.php(751): CodeIgniter\Model->insert(Array, false)
#7 /Applications/XAMPP/xamppfiles/htdocs/admin_crud/app/Controllers/AdminController.php(27): CodeIgniter\BaseModel->save(Array)
#8 /Applications/XAMPP/xamppfiles/htdocs/admin_crud/system/CodeIgniter.php(933): App\Controllers\AdminController->store()
#9 /Applications/XAMPP/xamppfiles/htdocs/admin_crud/system/CodeIgniter.php(509): CodeIgniter\CodeIgniter->runController(Object(App\Controllers\AdminController))
#10 /Applications/XAMPP/xamppfiles/htdocs/admin_crud/system/CodeIgniter.php(355): CodeIgniter\CodeIgniter->handleRequest(NULL, Object(Config\Cache), false)
#11 /Applications/XAMPP/xamppfiles/htdocs/admin_crud/system/Boot.php(325): CodeIgniter\CodeIgniter->run()
#12 /Applications/XAMPP/xamppfiles/htdocs/admin_crud/system/Boot.php(67): CodeIgniter\Boot::runCodeIgniter(Object(CodeIgniter\CodeIgniter))
#13 /Applications/XAMPP/xamppfiles/htdocs/admin_crud/public/index.php(56): CodeIgniter\Boot::bootWeb(Object(Config\Paths))
#14 /Applications/XAMPP/xamppfiles/htdocs/admin_crud/system/rewrite.php(44): require_once('/Applications/X...')
#15 {main}
CRITICAL - 2024-09-02 12:06:30 --> CodeIgniter\Database\Exceptions\DatabaseException: Unable to connect to the database.
Main connection [MySQLi]: No such file or directory
[Method: POST, Route: admin/store]
in SYSTEMPATH/Database/BaseConnection.php on line 467.
 1 SYSTEMPATH/Database/BaseConnection.php(616): CodeIgniter\Database\BaseConnection->initialize()
 2 SYSTEMPATH/Database/BaseBuilder.php(2340): CodeIgniter\Database\BaseConnection->query('INSERT INTO `admin` (`name`, `email`, `password`) VALUES (:name:, :email:, :password:)', [...], false)
 3 SYSTEMPATH/Model.php(394): CodeIgniter\Database\BaseBuilder->insert()
 4 SYSTEMPATH/BaseModel.php(840): CodeIgniter\Model->doInsert([...])
 5 SYSTEMPATH/Model.php(802): CodeIgniter\BaseModel->insert([...], false)
 6 SYSTEMPATH/BaseModel.php(751): CodeIgniter\Model->insert([...], false)
 7 APPPATH/Controllers/AdminController.php(27): CodeIgniter\BaseModel->save([...])
 8 SYSTEMPATH/CodeIgniter.php(933): App\Controllers\AdminController->store()
 9 SYSTEMPATH/CodeIgniter.php(509): CodeIgniter\CodeIgniter->runController(Object(App\Controllers\AdminController))
10 SYSTEMPATH/CodeIgniter.php(355): CodeIgniter\CodeIgniter->handleRequest(null, Object(Config\Cache), false)
11 SYSTEMPATH/Boot.php(325): CodeIgniter\CodeIgniter->run()
12 SYSTEMPATH/Boot.php(67): CodeIgniter\Boot::runCodeIgniter(Object(CodeIgniter\CodeIgniter))
13 FCPATH/index.php(56): CodeIgniter\Boot::bootWeb(Object(Config\Paths))
14 SYSTEMPATH/rewrite.php(44): require_once('/Applications/XAMPP/xamppfiles/htdocs/admin_crud/public/index.php')
ERROR - 2024-09-02 12:14:18 --> Error connecting to the database: mysqli_sql_exception: No such file or directory in /Applications/XAMPP/xamppfiles/htdocs/admin_crud/system/Database/MySQLi/Connection.php:186
Stack trace:
#0 /Applications/XAMPP/xamppfiles/htdocs/admin_crud/system/Database/MySQLi/Connection.php(186): mysqli->real_connect('localhost', 'root', Object(SensitiveParameterValue), 'admin_crud_db', 3306, '', 0)
#1 /Applications/XAMPP/xamppfiles/htdocs/admin_crud/system/Database/BaseConnection.php(421): CodeIgniter\Database\MySQLi\Connection->connect(false)
#2 /Applications/XAMPP/xamppfiles/htdocs/admin_crud/system/Database/BaseConnection.php(616): CodeIgniter\Database\BaseConnection->initialize()
#3 /Applications/XAMPP/xamppfiles/htdocs/admin_crud/system/Database/BaseBuilder.php(1644): CodeIgniter\Database\BaseConnection->query('SELECT *\nFROM `...', Array, false)
#4 /Applications/XAMPP/xamppfiles/htdocs/admin_crud/system/Model.php(286): CodeIgniter\Database\BaseBuilder->get()
#5 /Applications/XAMPP/xamppfiles/htdocs/admin_crud/system/BaseModel.php(676): CodeIgniter\Model->doFindAll(0, 0)
#6 /Applications/XAMPP/xamppfiles/htdocs/admin_crud/app/Controllers/AdminController.php(15): CodeIgniter\BaseModel->findAll()
#7 /Applications/XAMPP/xamppfiles/htdocs/admin_crud/system/CodeIgniter.php(933): App\Controllers\AdminController->index()
#8 /Applications/XAMPP/xamppfiles/htdocs/admin_crud/system/CodeIgniter.php(509): CodeIgniter\CodeIgniter->runController(Object(App\Controllers\AdminController))
#9 /Applications/XAMPP/xamppfiles/htdocs/admin_crud/system/CodeIgniter.php(355): CodeIgniter\CodeIgniter->handleRequest(NULL, Object(Config\Cache), false)
#10 /Applications/XAMPP/xamppfiles/htdocs/admin_crud/system/Boot.php(325): CodeIgniter\CodeIgniter->run()
#11 /Applications/XAMPP/xamppfiles/htdocs/admin_crud/system/Boot.php(67): CodeIgniter\Boot::runCodeIgniter(Object(CodeIgniter\CodeIgniter))
#12 /Applications/XAMPP/xamppfiles/htdocs/admin_crud/public/index.php(56): CodeIgniter\Boot::bootWeb(Object(Config\Paths))
#13 /Applications/XAMPP/xamppfiles/htdocs/admin_crud/system/rewrite.php(44): require_once('/Applications/X...')
#14 {main}

Next CodeIgniter\Database\Exceptions\DatabaseException: No such file or directory in /Applications/XAMPP/xamppfiles/htdocs/admin_crud/system/Database/MySQLi/Connection.php:231
Stack trace:
#0 /Applications/XAMPP/xamppfiles/htdocs/admin_crud/system/Database/BaseConnection.php(421): CodeIgniter\Database\MySQLi\Connection->connect(false)
#1 /Applications/XAMPP/xamppfiles/htdocs/admin_crud/system/Database/BaseConnection.php(616): CodeIgniter\Database\BaseConnection->initialize()
#2 /Applications/XAMPP/xamppfiles/htdocs/admin_crud/system/Database/BaseBuilder.php(1644): CodeIgniter\Database\BaseConnection->query('SELECT *\nFROM `...', Array, false)
#3 /Applications/XAMPP/xamppfiles/htdocs/admin_crud/system/Model.php(286): CodeIgniter\Database\BaseBuilder->get()
#4 /Applications/XAMPP/xamppfiles/htdocs/admin_crud/system/BaseModel.php(676): CodeIgniter\Model->doFindAll(0, 0)
#5 /Applications/XAMPP/xamppfiles/htdocs/admin_crud/app/Controllers/AdminController.php(15): CodeIgniter\BaseModel->findAll()
#6 /Applications/XAMPP/xamppfiles/htdocs/admin_crud/system/CodeIgniter.php(933): App\Controllers\AdminController->index()
#7 /Applications/XAMPP/xamppfiles/htdocs/admin_crud/system/CodeIgniter.php(509): CodeIgniter\CodeIgniter->runController(Object(App\Controllers\AdminController))
#8 /Applications/XAMPP/xamppfiles/htdocs/admin_crud/system/CodeIgniter.php(355): CodeIgniter\CodeIgniter->handleRequest(NULL, Object(Config\Cache), false)
#9 /Applications/XAMPP/xamppfiles/htdocs/admin_crud/system/Boot.php(325): CodeIgniter\CodeIgniter->run()
#10 /Applications/XAMPP/xamppfiles/htdocs/admin_crud/system/Boot.php(67): CodeIgniter\Boot::runCodeIgniter(Object(CodeIgniter\CodeIgniter))
#11 /Applications/XAMPP/xamppfiles/htdocs/admin_crud/public/index.php(56): CodeIgniter\Boot::bootWeb(Object(Config\Paths))
#12 /Applications/XAMPP/xamppfiles/htdocs/admin_crud/system/rewrite.php(44): require_once('/Applications/X...')
#13 {main}
CRITICAL - 2024-09-02 12:14:18 --> CodeIgniter\Database\Exceptions\DatabaseException: Unable to connect to the database.
Main connection [MySQLi]: No such file or directory
[Method: GET, Route: /]
in SYSTEMPATH/Database/BaseConnection.php on line 467.
 1 SYSTEMPATH/Database/BaseConnection.php(616): CodeIgniter\Database\BaseConnection->initialize()
 2 SYSTEMPATH/Database/BaseBuilder.php(1644): CodeIgniter\Database\BaseConnection->query('SELECT *
FROM `admin`', [], false)
 3 SYSTEMPATH/Model.php(286): CodeIgniter\Database\BaseBuilder->get()
 4 SYSTEMPATH/BaseModel.php(676): CodeIgniter\Model->doFindAll(0, 0)
 5 APPPATH/Controllers/AdminController.php(15): CodeIgniter\BaseModel->findAll()
 6 SYSTEMPATH/CodeIgniter.php(933): App\Controllers\AdminController->index()
 7 SYSTEMPATH/CodeIgniter.php(509): CodeIgniter\CodeIgniter->runController(Object(App\Controllers\AdminController))
 8 SYSTEMPATH/CodeIgniter.php(355): CodeIgniter\CodeIgniter->handleRequest(null, Object(Config\Cache), false)
 9 SYSTEMPATH/Boot.php(325): CodeIgniter\CodeIgniter->run()
10 SYSTEMPATH/Boot.php(67): CodeIgniter\Boot::runCodeIgniter(Object(CodeIgniter\CodeIgniter))
11 FCPATH/index.php(56): CodeIgniter\Boot::bootWeb(Object(Config\Paths))
12 SYSTEMPATH/rewrite.php(44): require_once('/Applications/XAMPP/xamppfiles/htdocs/admin_crud/public/index.php')
ERROR - 2024-09-02 12:29:04 --> Error connecting to the database: mysqli_sql_exception: No such file or directory in /Applications/XAMPP/xamppfiles/htdocs/admin_crud/system/Database/MySQLi/Connection.php:186
Stack trace:
#0 /Applications/XAMPP/xamppfiles/htdocs/admin_crud/system/Database/MySQLi/Connection.php(186): mysqli->real_connect('localhost', 'root', Object(SensitiveParameterValue), 'admin_crud_db', 3306, '', 0)
#1 /Applications/XAMPP/xamppfiles/htdocs/admin_crud/system/Database/BaseConnection.php(421): CodeIgniter\Database\MySQLi\Connection->connect(false)
#2 /Applications/XAMPP/xamppfiles/htdocs/admin_crud/system/Database/BaseConnection.php(616): CodeIgniter\Database\BaseConnection->initialize()
#3 /Applications/XAMPP/xamppfiles/htdocs/admin_crud/system/Database/BaseBuilder.php(1644): CodeIgniter\Database\BaseConnection->query('SELECT *\nFROM `...', Array, false)
#4 /Applications/XAMPP/xamppfiles/htdocs/admin_crud/system/Model.php(286): CodeIgniter\Database\BaseBuilder->get()
#5 /Applications/XAMPP/xamppfiles/htdocs/admin_crud/system/BaseModel.php(676): CodeIgniter\Model->doFindAll(0, 0)
#6 /Applications/XAMPP/xamppfiles/htdocs/admin_crud/app/Controllers/AdminController.php(15): CodeIgniter\BaseModel->findAll()
#7 /Applications/XAMPP/xamppfiles/htdocs/admin_crud/system/CodeIgniter.php(933): App\Controllers\AdminController->index()
#8 /Applications/XAMPP/xamppfiles/htdocs/admin_crud/system/CodeIgniter.php(509): CodeIgniter\CodeIgniter->runController(Object(App\Controllers\AdminController))
#9 /Applications/XAMPP/xamppfiles/htdocs/admin_crud/system/CodeIgniter.php(355): CodeIgniter\CodeIgniter->handleRequest(NULL, Object(Config\Cache), false)
#10 /Applications/XAMPP/xamppfiles/htdocs/admin_crud/system/Boot.php(325): CodeIgniter\CodeIgniter->run()
#11 /Applications/XAMPP/xamppfiles/htdocs/admin_crud/system/Boot.php(67): CodeIgniter\Boot::runCodeIgniter(Object(CodeIgniter\CodeIgniter))
#12 /Applications/XAMPP/xamppfiles/htdocs/admin_crud/public/index.php(56): CodeIgniter\Boot::bootWeb(Object(Config\Paths))
#13 /Applications/XAMPP/xamppfiles/htdocs/admin_crud/system/rewrite.php(44): require_once('/Applications/X...')
#14 {main}

Next CodeIgniter\Database\Exceptions\DatabaseException: No such file or directory in /Applications/XAMPP/xamppfiles/htdocs/admin_crud/system/Database/MySQLi/Connection.php:231
Stack trace:
#0 /Applications/XAMPP/xamppfiles/htdocs/admin_crud/system/Database/BaseConnection.php(421): CodeIgniter\Database\MySQLi\Connection->connect(false)
#1 /Applications/XAMPP/xamppfiles/htdocs/admin_crud/system/Database/BaseConnection.php(616): CodeIgniter\Database\BaseConnection->initialize()
#2 /Applications/XAMPP/xamppfiles/htdocs/admin_crud/system/Database/BaseBuilder.php(1644): CodeIgniter\Database\BaseConnection->query('SELECT *\nFROM `...', Array, false)
#3 /Applications/XAMPP/xamppfiles/htdocs/admin_crud/system/Model.php(286): CodeIgniter\Database\BaseBuilder->get()
#4 /Applications/XAMPP/xamppfiles/htdocs/admin_crud/system/BaseModel.php(676): CodeIgniter\Model->doFindAll(0, 0)
#5 /Applications/XAMPP/xamppfiles/htdocs/admin_crud/app/Controllers/AdminController.php(15): CodeIgniter\BaseModel->findAll()
#6 /Applications/XAMPP/xamppfiles/htdocs/admin_crud/system/CodeIgniter.php(933): App\Controllers\AdminController->index()
#7 /Applications/XAMPP/xamppfiles/htdocs/admin_crud/system/CodeIgniter.php(509): CodeIgniter\CodeIgniter->runController(Object(App\Controllers\AdminController))
#8 /Applications/XAMPP/xamppfiles/htdocs/admin_crud/system/CodeIgniter.php(355): CodeIgniter\CodeIgniter->handleRequest(NULL, Object(Config\Cache), false)
#9 /Applications/XAMPP/xamppfiles/htdocs/admin_crud/system/Boot.php(325): CodeIgniter\CodeIgniter->run()
#10 /Applications/XAMPP/xamppfiles/htdocs/admin_crud/system/Boot.php(67): CodeIgniter\Boot::runCodeIgniter(Object(CodeIgniter\CodeIgniter))
#11 /Applications/XAMPP/xamppfiles/htdocs/admin_crud/public/index.php(56): CodeIgniter\Boot::bootWeb(Object(Config\Paths))
#12 /Applications/XAMPP/xamppfiles/htdocs/admin_crud/system/rewrite.php(44): require_once('/Applications/X...')
#13 {main}
CRITICAL - 2024-09-02 12:29:04 --> CodeIgniter\Database\Exceptions\DatabaseException: Unable to connect to the database.
Main connection [MySQLi]: No such file or directory
[Method: GET, Route: /]
in SYSTEMPATH/Database/BaseConnection.php on line 467.
 1 SYSTEMPATH/Database/BaseConnection.php(616): CodeIgniter\Database\BaseConnection->initialize()
 2 SYSTEMPATH/Database/BaseBuilder.php(1644): CodeIgniter\Database\BaseConnection->query('SELECT *
FROM `admin`', [], false)
 3 SYSTEMPATH/Model.php(286): CodeIgniter\Database\BaseBuilder->get()
 4 SYSTEMPATH/BaseModel.php(676): CodeIgniter\Model->doFindAll(0, 0)
 5 APPPATH/Controllers/AdminController.php(15): CodeIgniter\BaseModel->findAll()
 6 SYSTEMPATH/CodeIgniter.php(933): App\Controllers\AdminController->index()
 7 SYSTEMPATH/CodeIgniter.php(509): CodeIgniter\CodeIgniter->runController(Object(App\Controllers\AdminController))
 8 SYSTEMPATH/CodeIgniter.php(355): CodeIgniter\CodeIgniter->handleRequest(null, Object(Config\Cache), false)
 9 SYSTEMPATH/Boot.php(325): CodeIgniter\CodeIgniter->run()
10 SYSTEMPATH/Boot.php(67): CodeIgniter\Boot::runCodeIgniter(Object(CodeIgniter\CodeIgniter))
11 FCPATH/index.php(56): CodeIgniter\Boot::bootWeb(Object(Config\Paths))
12 SYSTEMPATH/rewrite.php(44): require_once('/Applications/XAMPP/xamppfiles/htdocs/admin_crud/public/index.php')
ERROR - 2024-09-02 12:29:53 --> Error connecting to the database: mysqli_sql_exception: No such file or directory in /Applications/XAMPP/xamppfiles/htdocs/admin_crud/system/Database/MySQLi/Connection.php:186
Stack trace:
#0 /Applications/XAMPP/xamppfiles/htdocs/admin_crud/system/Database/MySQLi/Connection.php(186): mysqli->real_connect('localhost', 'root', Object(SensitiveParameterValue), 'admin_crud_db', 3306, '', 0)
#1 /Applications/XAMPP/xamppfiles/htdocs/admin_crud/system/Database/BaseConnection.php(421): CodeIgniter\Database\MySQLi\Connection->connect(false)
#2 /Applications/XAMPP/xamppfiles/htdocs/admin_crud/system/Database/BaseConnection.php(616): CodeIgniter\Database\BaseConnection->initialize()
#3 /Applications/XAMPP/xamppfiles/htdocs/admin_crud/system/Database/BaseBuilder.php(2340): CodeIgniter\Database\BaseConnection->query('INSERT INTO `ad...', Array, false)
#4 /Applications/XAMPP/xamppfiles/htdocs/admin_crud/system/Model.php(394): CodeIgniter\Database\BaseBuilder->insert()
#5 /Applications/XAMPP/xamppfiles/htdocs/admin_crud/system/BaseModel.php(840): CodeIgniter\Model->doInsert(Array)
#6 /Applications/XAMPP/xamppfiles/htdocs/admin_crud/system/Model.php(802): CodeIgniter\BaseModel->insert(Array, false)
#7 /Applications/XAMPP/xamppfiles/htdocs/admin_crud/system/BaseModel.php(751): CodeIgniter\Model->insert(Array, false)
#8 /Applications/XAMPP/xamppfiles/htdocs/admin_crud/app/Controllers/AdminController.php(27): CodeIgniter\BaseModel->save(Array)
#9 /Applications/XAMPP/xamppfiles/htdocs/admin_crud/system/CodeIgniter.php(933): App\Controllers\AdminController->store()
#10 /Applications/XAMPP/xamppfiles/htdocs/admin_crud/system/CodeIgniter.php(509): CodeIgniter\CodeIgniter->runController(Object(App\Controllers\AdminController))
#11 /Applications/XAMPP/xamppfiles/htdocs/admin_crud/system/CodeIgniter.php(355): CodeIgniter\CodeIgniter->handleRequest(NULL, Object(Config\Cache), false)
#12 /Applications/XAMPP/xamppfiles/htdocs/admin_crud/system/Boot.php(325): CodeIgniter\CodeIgniter->run()
#13 /Applications/XAMPP/xamppfiles/htdocs/admin_crud/system/Boot.php(67): CodeIgniter\Boot::runCodeIgniter(Object(CodeIgniter\CodeIgniter))
#14 /Applications/XAMPP/xamppfiles/htdocs/admin_crud/public/index.php(56): CodeIgniter\Boot::bootWeb(Object(Config\Paths))
#15 /Applications/XAMPP/xamppfiles/htdocs/admin_crud/system/rewrite.php(44): require_once('/Applications/X...')
#16 {main}

Next CodeIgniter\Database\Exceptions\DatabaseException: No such file or directory in /Applications/XAMPP/xamppfiles/htdocs/admin_crud/system/Database/MySQLi/Connection.php:231
Stack trace:
#0 /Applications/XAMPP/xamppfiles/htdocs/admin_crud/system/Database/BaseConnection.php(421): CodeIgniter\Database\MySQLi\Connection->connect(false)
#1 /Applications/XAMPP/xamppfiles/htdocs/admin_crud/system/Database/BaseConnection.php(616): CodeIgniter\Database\BaseConnection->initialize()
#2 /Applications/XAMPP/xamppfiles/htdocs/admin_crud/system/Database/BaseBuilder.php(2340): CodeIgniter\Database\BaseConnection->query('INSERT INTO `ad...', Array, false)
#3 /Applications/XAMPP/xamppfiles/htdocs/admin_crud/system/Model.php(394): CodeIgniter\Database\BaseBuilder->insert()
#4 /Applications/XAMPP/xamppfiles/htdocs/admin_crud/system/BaseModel.php(840): CodeIgniter\Model->doInsert(Array)
#5 /Applications/XAMPP/xamppfiles/htdocs/admin_crud/system/Model.php(802): CodeIgniter\BaseModel->insert(Array, false)
#6 /Applications/XAMPP/xamppfiles/htdocs/admin_crud/system/BaseModel.php(751): CodeIgniter\Model->insert(Array, false)
#7 /Applications/XAMPP/xamppfiles/htdocs/admin_crud/app/Controllers/AdminController.php(27): CodeIgniter\BaseModel->save(Array)
#8 /Applications/XAMPP/xamppfiles/htdocs/admin_crud/system/CodeIgniter.php(933): App\Controllers\AdminController->store()
#9 /Applications/XAMPP/xamppfiles/htdocs/admin_crud/system/CodeIgniter.php(509): CodeIgniter\CodeIgniter->runController(Object(App\Controllers\AdminController))
#10 /Applications/XAMPP/xamppfiles/htdocs/admin_crud/system/CodeIgniter.php(355): CodeIgniter\CodeIgniter->handleRequest(NULL, Object(Config\Cache), false)
#11 /Applications/XAMPP/xamppfiles/htdocs/admin_crud/system/Boot.php(325): CodeIgniter\CodeIgniter->run()
#12 /Applications/XAMPP/xamppfiles/htdocs/admin_crud/system/Boot.php(67): CodeIgniter\Boot::runCodeIgniter(Object(CodeIgniter\CodeIgniter))
#13 /Applications/XAMPP/xamppfiles/htdocs/admin_crud/public/index.php(56): CodeIgniter\Boot::bootWeb(Object(Config\Paths))
#14 /Applications/XAMPP/xamppfiles/htdocs/admin_crud/system/rewrite.php(44): require_once('/Applications/X...')
#15 {main}
CRITICAL - 2024-09-02 12:29:53 --> CodeIgniter\Database\Exceptions\DatabaseException: Unable to connect to the database.
Main connection [MySQLi]: No such file or directory
[Method: POST, Route: admin/store]
in SYSTEMPATH/Database/BaseConnection.php on line 467.
 1 SYSTEMPATH/Database/BaseConnection.php(616): CodeIgniter\Database\BaseConnection->initialize()
 2 SYSTEMPATH/Database/BaseBuilder.php(2340): CodeIgniter\Database\BaseConnection->query('INSERT INTO `admin` (`name`, `email`, `password`) VALUES (:name:, :email:, :password:)', [...], false)
 3 SYSTEMPATH/Model.php(394): CodeIgniter\Database\BaseBuilder->insert()
 4 SYSTEMPATH/BaseModel.php(840): CodeIgniter\Model->doInsert([...])
 5 SYSTEMPATH/Model.php(802): CodeIgniter\BaseModel->insert([...], false)
 6 SYSTEMPATH/BaseModel.php(751): CodeIgniter\Model->insert([...], false)
 7 APPPATH/Controllers/AdminController.php(27): CodeIgniter\BaseModel->save([...])
 8 SYSTEMPATH/CodeIgniter.php(933): App\Controllers\AdminController->store()
 9 SYSTEMPATH/CodeIgniter.php(509): CodeIgniter\CodeIgniter->runController(Object(App\Controllers\AdminController))
10 SYSTEMPATH/CodeIgniter.php(355): CodeIgniter\CodeIgniter->handleRequest(null, Object(Config\Cache), false)
11 SYSTEMPATH/Boot.php(325): CodeIgniter\CodeIgniter->run()
12 SYSTEMPATH/Boot.php(67): CodeIgniter\Boot::runCodeIgniter(Object(CodeIgniter\CodeIgniter))
13 FCPATH/index.php(56): CodeIgniter\Boot::bootWeb(Object(Config\Paths))
14 SYSTEMPATH/rewrite.php(44): require_once('/Applications/XAMPP/xamppfiles/htdocs/admin_crud/public/index.php')
